<?xml version="1.0" encoding="UTF-8"?>
<testng-results ignored="0" total="1" passed="1" failed="0" skipped="0">
  <reporter-output>
  </reporter-output>
  <suite started-at="2020-11-27T22:59:31 IST" name="Default suite" finished-at="2020-11-27T23:00:28 IST" duration-ms="56415">
    <groups>
    </groups>
    <test started-at="2020-11-27T22:59:31 IST" name="Default test" finished-at="2020-11-27T23:00:28 IST" duration-ms="56415">
      <class name="com.qa.pages.Assessment">
        <test-method is-config="true" signature="startTest()[pri:0, instance:com.qa.pages.Assessment@5ab956d7]" started-at="2020-11-27T22:59:31 IST" name="startTest" finished-at="2020-11-27T22:59:33 IST" duration-ms="1128" status="PASS">
          <reporter-output>
          </reporter-output>
        </test-method> <!-- startTest -->
        <test-method signature="Test(java.lang.String, java.lang.String, java.lang.String, java.lang.String, java.lang.String, java.lang.String, java.lang.String, java.lang.String, java.lang.String, java.lang.String, java.lang.String, java.lang.String)[pri:0, instance:com.qa.pages.Assessment@5ab956d7]" started-at="2020-11-27T22:59:36 IST" name="Test" data-provider="TestData" finished-at="2020-11-27T23:00:26 IST" duration-ms="50348" status="PASS">
          <params>
            <param index="0">
              <value>
                <![CDATA[atest@gmail.com]]>
              </value>
            </param>
            <param index="1">
              <value>
                <![CDATA[123456]]>
              </value>
            </param>
            <param index="2">
              <value>
                <![CDATA[5]]>
              </value>
            </param>
            <param index="3">
              <value>
                <![CDATA[Planit]]>
              </value>
            </param>
            <param index="4">
              <value>
                <![CDATA[India]]>
              </value>
            </param>
            <param index="5">
              <value>
                <![CDATA[Hyderabad]]>
              </value>
            </param>
            <param index="6">
              <value>
                <![CDATA[Phase 1]]>
              </value>
            </param>
            <param index="7">
              <value>
                <![CDATA[KPHB]]>
              </value>
            </param>
            <param index="8">
              <value>
                <![CDATA[500085]]>
              </value>
            </param>
            <param index="9">
              <value>
                <![CDATA[9876543210]]>
              </value>
            </param>
            <param index="10">
              <value>
                <![CDATA[11223344]]>
              </value>
            </param>
            <param index="11">
              <value>
                <![CDATA[atest dummy, phase 1, hyderabad 500085, India]]>
              </value>
            </param>
          </params>
          <reporter-output>
          </reporter-output>
        </test-method> <!-- Test -->
        <test-method is-config="true" signature="endTest()[pri:0, instance:com.qa.pages.Assessment@5ab956d7]" started-at="2020-11-27T23:00:26 IST" name="endTest" finished-at="2020-11-27T23:00:28 IST" duration-ms="1649" status="PASS">
          <reporter-output>
          </reporter-output>
        </test-method> <!-- endTest -->
      </class> <!-- com.qa.pages.Assessment -->
    </test> <!-- Default test -->
  </suite> <!-- Default suite -->
</testng-results>
